<?xml version="1.0" encoding="UTF-8"?>
<testng-results ignored="0" total="9" passed="9" failed="0" skipped="0">
  <reporter-output>
  </reporter-output>
  <suite started-at="2026-05-06T14:44:36 IST" name="SimpleBooksAPI Suite" finished-at="2026-05-06T14:44:44 IST" duration-ms="7356">
    <groups>
    </groups>
    <test started-at="2026-05-06T14:44:36 IST" name="API Tests" finished-at="2026-05-06T14:44:44 IST" duration-ms="7356">
      <class name="tests.SimpleBooksTest">
        <test-method is-config="true" signature="setup()[pri:0, instance:tests.SimpleBooksTest@2f953efd]" started-at="2026-05-06T14:44:36 IST" name="setup" finished-at="2026-05-06T14:44:37 IST" duration-ms="338" status="PASS">
          <reporter-output>
          </reporter-output>
        </test-method> <!-- setup -->
        <test-method signature="checkAPIStatus()[pri:1, instance:tests.SimpleBooksTest@2f953efd]" started-at="2026-05-06T14:44:37 IST" name="checkAPIStatus" finished-at="2026-05-06T14:44:39 IST" duration-ms="2348" status="PASS">
          <reporter-output>
          </reporter-output>
        </test-method> <!-- checkAPIStatus -->
        <test-method signature="getAllBooks()[pri:2, instance:tests.SimpleBooksTest@2f953efd]" started-at="2026-05-06T14:44:39 IST" name="getAllBooks" finished-at="2026-05-06T14:44:39 IST" duration-ms="351" status="PASS">
          <reporter-output>
          </reporter-output>
        </test-method> <!-- getAllBooks -->
        <test-method signature="getSingleBook()[pri:3, instance:tests.SimpleBooksTest@2f953efd]" started-at="2026-05-06T14:44:39 IST" name="getSingleBook" finished-at="2026-05-06T14:44:40 IST" duration-ms="343" status="PASS">
          <reporter-output>
          </reporter-output>
        </test-method> <!-- getSingleBook -->
        <test-method signature="submitOrder()[pri:4, instance:tests.SimpleBooksTest@2f953efd]" started-at="2026-05-06T14:44:40 IST" name="submitOrder" finished-at="2026-05-06T14:44:41 IST" duration-ms="929" status="PASS">
          <reporter-output>
          </reporter-output>
        </test-method> <!-- submitOrder -->
        <test-method signature="getAllOrders()[pri:5, instance:tests.SimpleBooksTest@2f953efd]" started-at="2026-05-06T14:44:41 IST" name="getAllOrders" finished-at="2026-05-06T14:44:41 IST" duration-ms="770" status="PASS">
          <reporter-output>
          </reporter-output>
        </test-method> <!-- getAllOrders -->
        <test-method signature="getSingleOrder()[pri:6, instance:tests.SimpleBooksTest@2f953efd]" started-at="2026-05-06T14:44:41 IST" name="getSingleOrder" finished-at="2026-05-06T14:44:42 IST" duration-ms="802" status="PASS">
          <reporter-output>
          </reporter-output>
        </test-method> <!-- getSingleOrder -->
        <test-method signature="updateOrderUsingPatch()[pri:7, instance:tests.SimpleBooksTest@2f953efd]" started-at="2026-05-06T14:44:42 IST" name="updateOrderUsingPatch" finished-at="2026-05-06T14:44:42 IST" duration-ms="324" status="PASS">
          <reporter-output>
          </reporter-output>
        </test-method> <!-- updateOrderUsingPatch -->
        <test-method signature="deleteOrder()[pri:8, instance:tests.SimpleBooksTest@2f953efd]" started-at="2026-05-06T14:44:42 IST" name="deleteOrder" finished-at="2026-05-06T14:44:43 IST" duration-ms="313" status="PASS">
          <reporter-output>
          </reporter-output>
        </test-method> <!-- deleteOrder -->
        <test-method signature="verifyOrderDeleted()[pri:9, instance:tests.SimpleBooksTest@2f953efd]" started-at="2026-05-06T14:44:43 IST" name="verifyOrderDeleted" finished-at="2026-05-06T14:44:44 IST" duration-ms="789" status="PASS">
          <reporter-output>
          </reporter-output>
        </test-method> <!-- verifyOrderDeleted -->
      </class> <!-- tests.SimpleBooksTest -->
    </test> <!-- API Tests -->
  </suite> <!-- SimpleBooksAPI Suite -->
</testng-results>
