<?xml version="1.0" encoding="UTF-8"?>
<!-- Generated by org.testng.reporters.JUnitReportReporter -->
<testsuite hostname="DESKTOP-3IGAO9C" failures="0" tests="3" name="tests.NegativeTestCases" time="0.001" errors="0" timestamp="2026-05-06T14:07:06 IST" skipped="3">
  <testcase classname="tests.NegativeTestCases" name="createOrderWithoutToken" time="0.001">
    <skipped/>
  </testcase> <!-- createOrderWithoutToken -->
  <testcase classname="tests.NegativeTestCases" name="getOrderInvalidId" time="0.000">
    <skipped/>
  </testcase> <!-- getOrderInvalidId -->
  <testcase classname="tests.NegativeTestCases" name="deleteAlreadyDeletedOrder" time="0.000">
    <skipped/>
  </testcase> <!-- deleteAlreadyDeletedOrder -->
</testsuite> <!-- tests.NegativeTestCases -->
