<?xml version="1.0" encoding="UTF-8"?>
<!-- Generated by org.testng.reporters.JUnitReportReporter -->
<testsuite hostname="DESKTOP-3IGAO9C" failures="0" tests="3" name="tests.BooksTest" time="0.000" errors="0" timestamp="2026-05-06T14:07:06 IST" skipped="3">
  <testcase classname="tests.BooksTest" name="getAllBooks" time="0.000">
    <skipped/>
  </testcase> <!-- getAllBooks -->
  <testcase classname="tests.BooksTest" name="getBooksWithQueryParams" time="0.000">
    <skipped/>
  </testcase> <!-- getBooksWithQueryParams -->
  <testcase classname="tests.BooksTest" name="getSingleBook" time="0.000">
    <skipped/>
  </testcase> <!-- getSingleBook -->
</testsuite> <!-- tests.BooksTest -->
