<?xml version="1.0" encoding="UTF-8"?>
<!-- Generated by org.testng.reporters.JUnitReportReporter -->
<testsuite hostname="DESKTOP-3IGAO9C" failures="0" tests="5" name="tests.OrdersTest" time="0.005" errors="0" timestamp="2026-05-06T14:07:06 IST" skipped="5">
  <testcase classname="tests.OrdersTest" name="createOrder" time="0.000">
    <skipped/>
  </testcase> <!-- createOrder -->
  <testcase classname="tests.OrdersTest" name="getAllOrders" time="0.000">
    <skipped/>
  </testcase> <!-- getAllOrders -->
  <testcase classname="tests.OrdersTest" name="getSingleOrder" time="0.001">
    <skipped/>
  </testcase> <!-- getSingleOrder -->
  <testcase classname="tests.OrdersTest" name="updateOrder_PATCH" time="0.002">
    <skipped/>
  </testcase> <!-- updateOrder_PATCH -->
  <testcase classname="tests.OrdersTest" name="deleteOrder" time="0.002">
    <skipped/>
  </testcase> <!-- deleteOrder -->
</testsuite> <!-- tests.OrdersTest -->
