<?xml version="1.0" encoding="UTF-8"?>
<!-- Generated by org.testng.reporters.JUnitXMLReporter -->
<testsuite ignored="0" hostname="DESKTOP-3IGAO9C" failures="0" tests="9" name="API Tests" time="7.356" errors="0" timestamp="2026-05-06T14:44:44 IST">
  <testcase classname="tests.SimpleBooksTest" name="checkAPIStatus" time="2.348"/>
  <testcase classname="tests.SimpleBooksTest" name="getAllBooks" time="0.351"/>
  <testcase classname="tests.SimpleBooksTest" name="getSingleBook" time="0.343"/>
  <testcase classname="tests.SimpleBooksTest" name="submitOrder" time="0.929"/>
  <testcase classname="tests.SimpleBooksTest" name="getAllOrders" time="0.77"/>
  <testcase classname="tests.SimpleBooksTest" name="getSingleOrder" time="0.802"/>
  <testcase classname="tests.SimpleBooksTest" name="updateOrderUsingPatch" time="0.324"/>
  <testcase classname="tests.SimpleBooksTest" name="deleteOrder" time="0.313"/>
  <testcase classname="tests.SimpleBooksTest" name="verifyOrderDeleted" time="0.789"/>
</testsuite> <!-- API Tests -->
